<?xml version="1.0" encoding="UTF-8"?>
<!-- Generated by org.testng.reporters.JUnitXMLReporter -->
<testsuite ignored="1" hostname="RAKHIMOL" failures="0" tests="1" name="Test" time="43.43" errors="0" timestamp="2025-07-14T20:29:14 IST">
  <testcase classname="testscript.LoginPageTest" name="verifyLogin" time="5.57"/>
  <testcase classname="testscript.LoginPageTest" name="verifyUserCanAbleToLogin" time="0.0">
    <ignored/>
  </testcase> <!-- verifyUserCanAbleToLogin -->
</testsuite> <!-- Test -->
