<?xml version="1.0" encoding="UTF-8"?>
<!-- Generated by org.testng.reporters.JUnitXMLReporter -->
<testsuite ignored="3" hostname="DESKTOP-6B1E53T" failures="0" tests="1" name="Default test" time="6.293" errors="0" timestamp="2025-07-28T15:43:14 IST">
  <testcase classname="testscripts.AdminUsersPageTest" name="changeStatusOfUser" time="1.774"/>
  <testcase classname="testscripts.AdminUsersPageTest" name="updateUserInformation" time="0.0">
    <ignored/>
  </testcase> <!-- updateUserInformation -->
  <testcase classname="testscripts.AdminUsersPageTest" name="deleteAdminUser" time="0.0">
    <ignored/>
  </testcase> <!-- deleteAdminUser -->
  <testcase classname="testscripts.AdminUsersPageTest" name="createNewUser" time="0.0">
    <ignored/>
  </testcase> <!-- createNewUser -->
</testsuite> <!-- Default test -->
