<?xml version="1.0" encoding="UTF-8"?>
<testng-results ignored="0" total="1" passed="1" failed="0" skipped="0">
  <reporter-output>
  </reporter-output>
  <suite started-at="2025-07-16T18:46:30 IST" name="Default suite" finished-at="2025-07-16T18:46:43 IST" duration-ms="13067">
    <groups>
    </groups>
    <test started-at="2025-07-16T18:46:30 IST" name="Default test" finished-at="2025-07-16T18:46:43 IST" duration-ms="13067">
      <class name="testscript.AdminUsersPageTest">
        <test-method is-config="true" signature="beforeMethod()[pri:0, instance:testscript.AdminUsersPageTest@130d63be]" started-at="2025-07-16T18:46:30 IST" name="beforeMethod" finished-at="2025-07-16T18:46:40 IST" duration-ms="9727" status="PASS">
          <reporter-output>
          </reporter-output>
        </test-method> <!-- beforeMethod -->
        <test-method signature="createNewUser()[pri:0, instance:testscript.AdminUsersPageTest@130d63be]" started-at="2025-07-16T18:46:40 IST" name="createNewUser" finished-at="2025-07-16T18:46:42 IST" duration-ms="2732" status="PASS">
          <reporter-output>
          </reporter-output>
        </test-method> <!-- createNewUser -->
        <test-method is-config="true" signature="afterMethod()[pri:0, instance:testscript.AdminUsersPageTest@130d63be]" started-at="2025-07-16T18:46:42 IST" name="afterMethod" finished-at="2025-07-16T18:46:43 IST" duration-ms="504" status="PASS">
          <reporter-output>
          </reporter-output>
        </test-method> <!-- afterMethod -->
      </class> <!-- testscript.AdminUsersPageTest -->
    </test> <!-- Default test -->
  </suite> <!-- Default suite -->
</testng-results>
