<?xml version="1.0" encoding="UTF-8"?>
<testng-results ignored="0" total="1" passed="1" failed="0" skipped="0">
  <reporter-output>
  </reporter-output>
  <suite started-at="2025-07-28T15:43:08 IST" name="Default suite" finished-at="2025-07-28T15:43:14 IST" duration-ms="6293">
    <groups>
    </groups>
    <test started-at="2025-07-28T15:43:08 IST" name="Default test" finished-at="2025-07-28T15:43:14 IST" duration-ms="6293">
      <class name="testscripts.AdminUsersPageTest">
        <test-method is-config="true" signature="beforeMethod()[pri:0, instance:testscripts.AdminUsersPageTest@6f1de4c7]" started-at="2025-07-28T15:43:08 IST" name="beforeMethod" finished-at="2025-07-28T15:43:12 IST" duration-ms="4098" status="PASS">
          <reporter-output>
          </reporter-output>
        </test-method> <!-- beforeMethod -->
        <test-method signature="changeStatusOfUser()[pri:0, instance:testscripts.AdminUsersPageTest@6f1de4c7]" started-at="2025-07-28T15:43:12 IST" name="changeStatusOfUser" finished-at="2025-07-28T15:43:14 IST" duration-ms="1774" status="PASS">
          <reporter-output>
          </reporter-output>
        </test-method> <!-- changeStatusOfUser -->
        <test-method is-config="true" signature="afterMethod()[pri:0, instance:testscripts.AdminUsersPageTest@6f1de4c7]" started-at="2025-07-28T15:43:14 IST" name="afterMethod" finished-at="2025-07-28T15:43:14 IST" duration-ms="371" status="PASS">
          <reporter-output>
          </reporter-output>
        </test-method> <!-- afterMethod -->
      </class> <!-- testscripts.AdminUsersPageTest -->
    </test> <!-- Default test -->
  </suite> <!-- Default suite -->
</testng-results>
