<?xml version="1.0" encoding="UTF-8"?>
<!-- Generated by org.testng.reporters.JUnitXMLReporter -->
<testsuite ignored="5" hostname="RAKHIMOL" failures="0" tests="1" name="Test" time="39.552" errors="0" timestamp="2025-07-14T18:10:03 IST">
  <testcase classname="testscripts.LoginPageTest" name="verifyUserCanAbleToLoginUsingParameterConcept" time="6.386"/>
  <testcase classname="testscripts.LoginPageTest" name="verifyInvalidUserAndValidPasswordCanAbleToLogin" time="0.0">
    <ignored/>
  </testcase> <!-- verifyInvalidUserAndValidPasswordCanAbleToLogin -->
  <testcase classname="testscripts.LoginPageTest" name="verifyValiUserAndValidPsswordCanAbleToLogin" time="0.0">
    <ignored/>
  </testcase> <!-- verifyValiUserAndValidPsswordCanAbleToLogin -->
  <testcase classname="testscripts.LoginPageTest" name="verifyInvalidUserAndInvalidPasswordCanAbleToLogin" time="0.0">
    <ignored/>
  </testcase> <!-- verifyInvalidUserAndInvalidPasswordCanAbleToLogin -->
  <testcase classname="testscripts.LoginPageTest" name="verifyValidUserAndInvalidPasswordCanAbleToLogin" time="0.0">
    <ignored/>
  </testcase> <!-- verifyValidUserAndInvalidPasswordCanAbleToLogin -->
  <testcase classname="testscripts.LoginPageTest" name="verifyUserCanAbleToLogin" time="0.0">
    <ignored/>
  </testcase> <!-- verifyUserCanAbleToLogin -->
</testsuite> <!-- Test -->
